<?xml version="1.0" encoding="UTF-8"?>
<!-- Generated by org.testng.reporters.JUnitXMLReporter -->
<testsuite ignored="0" hostname="PL-IN-PF4G127E" failures="0" tests="11" name="Default test" time="1.288" errors="0" timestamp="2024-04-08T11:55:53 IST">
  <testcase classname="excelConfigTest.ExcelTest" name="form" time="0.004"/>
  <testcase classname="excelConfigTest.ExcelTest" name="form" time="0.0"/>
  <testcase classname="excelConfigTest.ExcelTest" name="form" time="0.001"/>
  <testcase classname="excelConfigTest.ExcelTest" name="form" time="0.001"/>
  <testcase classname="excelConfigTest.ExcelTest" name="form" time="0.004"/>
  <testcase classname="excelConfigTest.ExcelTest" name="form" time="0.0"/>
  <testcase classname="excelConfigTest.ExcelTest" name="tc_01" time="0.001"/>
  <testcase classname="excelConfigTest.ExcelTest" name="tc_02" time="0.0"/>
  <testcase classname="excelConfigTest.ExcelTest" name="tc_03" time="0.0"/>
  <testcase classname="excelConfigTest.ExcelTest" name="tc_04" time="0.0"/>
  <testcase classname="excelConfigTest.ExcelTest" name="testData" time="1.028"/>
</testsuite> <!-- Default test -->
