<?xml version="1.0" encoding="UTF-8"?>
<!-- Generated by org.testng.reporters.JUnitXMLReporter -->
<testsuite ignored="7" hostname="INDMUMBLPTMP064" failures="0" tests="0" time="0.001" errors="0" timestamp="2023-02-24T10:05:22 IST">
  <testcase classname="apiDemosTests.DragDropTest" name="testDragDrop" time="0.0">
    <ignored/>
  </testcase> <!-- testDragDrop -->
  <testcase classname="apiDemosTests.MiscellaneousTest" name="rotateCopyPasteDirectStartTest" time="0.0">
    <ignored/>
  </testcase> <!-- rotateCopyPasteDirectStartTest -->
  <testcase classname="apiDemosTests.clickTest" name="wifiSettings" time="0.0">
    <ignored/>
  </testcase> <!-- wifiSettings -->
  <testcase classname="apiDemosTests.ScrollTest" name="scrollTest" time="0.0">
    <ignored/>
  </testcase> <!-- scrollTest -->
  <testcase classname="apiDemosTests.SwipeTest" name="testSwipe" time="0.0">
    <ignored/>
  </testcase> <!-- testSwipe -->
  <testcase classname="apiDemosTests.LongPressTest" name="TestLongPress" time="0.0">
    <ignored/>
  </testcase> <!-- TestLongPress -->
  <testcase classname="apiDemosTests.SwipeTest" name="testSwipeNegativeFAIL" time="0.0">
    <ignored/>
  </testcase> <!-- testSwipeNegativeFAIL -->
</testsuite>
