<?xml version="1.0" encoding="UTF-8"?>
<!-- Generated by org.testng.reporters.JUnitXMLReporter -->
<testsuite ignored="2" hostname="INDMUMBLPTMP064" failures="0" tests="0" time="0.001" errors="0" timestamp="2023-02-24T10:05:22 IST">
  <testcase classname="browserTest.BrowserTest" name="browserOpenTest" time="0.0">
    <ignored/>
  </testcase> <!-- browserOpenTest -->
  <testcase classname="browserTest.BrowserTest" name="browserOpenTestNegativeFAIL" time="0.0">
    <ignored/>
  </testcase> <!-- browserOpenTestNegativeFAIL -->
</testsuite>
