<?xml version="1.0" encoding="UTF-8"?>
<!-- Generated by org.testng.reporters.JUnitXMLReporter -->
<testsuite ignored="9" hostname="INDMUMBLPTMP064" failures="0" tests="0" time="0.016" errors="0" timestamp="2023-02-24T10:05:22 IST">
  <testcase classname="excelConfigTest.ExcelTest" name="tc_04" time="0.0">
    <ignored/>
  </testcase> <!-- tc_04 -->
  <testcase classname="excelConfigTest.ExcelTest" name="form" time="0.0">
    <ignored/>
  </testcase> <!-- form -->
  <testcase classname="generalStore.ECommerceTest_02" name="sumOfcartProducts" time="0.0">
    <ignored/>
  </testcase> <!-- sumOfcartProducts -->
  <testcase classname="excelConfigTest.ExcelTest" name="tc_01" time="0.0">
    <ignored/>
  </testcase> <!-- tc_01 -->
  <testcase classname="excelConfigTest.ExcelTest" name="tc_02" time="0.0">
    <ignored/>
  </testcase> <!-- tc_02 -->
  <testcase classname="excelConfigTest.ExcelTest" name="tc_03" time="0.0">
    <ignored/>
  </testcase> <!-- tc_03 -->
  <testcase classname="excelConfigTest.ExcelTest" name="testData" time="0.0">
    <ignored/>
  </testcase> <!-- testData -->
  <testcase classname="generalStore.ECommerceTest_01" name="fillFormNegativeTest" time="0.0">
    <ignored/>
  </testcase> <!-- fillFormNegativeTest -->
  <testcase classname="generalStore.ECommerceTest_01" name="fillFormPositiveTest" time="0.0">
    <ignored/>
  </testcase> <!-- fillFormPositiveTest -->
</testsuite>
