<?xml version="1.0" encoding="UTF-8"?>
<!-- Generated by org.testng.reporters.JUnitXMLReporter -->
<testsuite ignored="0" hostname="INDMUMBLPTMP064" failures="0" tests="4" name="Stockapp Test" time="440.125" errors="0" timestamp="2023-02-24T10:12:42 IST">
  <testcase classname="stockAppTests.Stockapp_LoginTest" name="stockapp_tc_01" time="32.999"/>
  <testcase classname="stockAppTests.Stockapp_LoginTest" name="stockapp_tc_02" time="6.787"/>
  <testcase classname="stockAppTests.Stockapp_WatchlistTest" name="stockapp_tc_03" time="51.905"/>
  <testcase classname="stockAppTests.Stock_BuySellTest" name="stockapp_tc_04" time="282.727"/>
</testsuite> <!-- Stockapp Test -->
