<?xml version="1.0" encoding="UTF-8"?>
<!-- Generated by org.testng.reporters.JUnitXMLReporter -->
<testsuite ignored="2" hostname="INDMUMBLPTMP064" failures="1" tests="12" name="Test" time="107.308" errors="0" timestamp="2023-02-13T11:59:04 IST">
  <testcase classname="excelConfigTest.ExcelTest" name="form" time="0.041"/>
  <testcase classname="excelConfigTest.ExcelTest" name="form" time="0.001"/>
  <testcase classname="excelConfigTest.ExcelTest" name="form" time="0.001"/>
  <testcase classname="excelConfigTest.ExcelTest" name="form" time="0.001"/>
  <testcase classname="excelConfigTest.ExcelTest" name="form" time="0.001"/>
  <testcase classname="excelConfigTest.ExcelTest" name="form" time="0.001"/>
  <testcase classname="excelConfigTest.ExcelTest" name="tc_01" time="0.004"/>
  <testcase classname="excelConfigTest.ExcelTest" name="tc_03" time="0.003"/>
  <testcase classname="excelConfigTest.ExcelTest" name="testData" time="0.017"/>
  <testcase classname="generalStore.ECommerceTest_01" name="fillFormNegativeTest" time="6.825">
    <failure type="java.lang.AssertionError" message="expected [enter your name] but found [Please enter your name]">
      <![CDATA[java.lang.AssertionError: expected [enter your name] but found [Please enter your name]
at generalStore.ECommerceTest_01.fillFormNegativeTest(ECommerceTest_01.java:50)
at java.base/java.util.ArrayList.forEach(ArrayList.java:1541)
... Removed 37 stack frames]]>
    </failure>
  </testcase> <!-- fillFormNegativeTest -->
  <testcase classname="generalStore.ECommerceTest_01" name="fillFormPositiveTest" time="17.387"/>
  <testcase classname="generalStore.ECommerceTest_02" name="sumOfcartProducts" time="34.929"/>
  <testcase classname="excelConfigTest.ExcelTest" name="tc_04" time="0.0">
    <ignored/>
  </testcase> <!-- tc_04 -->
  <testcase classname="excelConfigTest.ExcelTest" name="tc_02" time="0.0">
    <ignored/>
  </testcase> <!-- tc_02 -->
</testsuite> <!-- Test -->
