<?xml version="1.0" encoding="UTF-8"?>
<testng-results ignored="0" total="11" passed="11" failed="0" skipped="0">
  <reporter-output>
  </reporter-output>
  <suite started-at="2024-04-08T11:55:52 IST" name="Default suite" finished-at="2024-04-08T11:55:53 IST" duration-ms="1288">
    <groups>
    </groups>
    <test started-at="2024-04-08T11:55:52 IST" name="Default test" finished-at="2024-04-08T11:55:53 IST" duration-ms="1288">
      <class name="excelConfigTest.ExcelTest">
        <test-method signature="form(java.util.HashMap)[pri:0, instance:excelConfigTest.ExcelTest@8f2ef19]" started-at="2024-04-08T11:55:52 IST" name="form" data-provider="jsonProvider" finished-at="2024-04-08T11:55:52 IST" duration-ms="4" status="PASS">
          <params>
            <param index="0">
              <value>
                <![CDATA[{name=rahul rajput, country=Australia, gender=Male}]]>
              </value>
            </param>
          </params>
          <reporter-output>
          </reporter-output>
        </test-method> <!-- form -->
        <test-method signature="form(java.util.HashMap)[pri:0, instance:excelConfigTest.ExcelTest@8f2ef19]" started-at="2024-04-08T11:55:52 IST" name="form" data-provider="jsonProvider" finished-at="2024-04-08T11:55:52 IST" duration-ms="0" status="PASS">
          <params>
            <param index="0">
              <value>
                <![CDATA[{name=Rajput , country=Argentina, gender=Female}]]>
              </value>
            </param>
          </params>
          <reporter-output>
          </reporter-output>
        </test-method> <!-- form -->
        <test-method signature="form(java.util.HashMap)[pri:0, instance:excelConfigTest.ExcelTest@8f2ef19]" started-at="2024-04-08T11:55:52 IST" name="form" data-provider="jsonProvider" finished-at="2024-04-08T11:55:52 IST" duration-ms="1" status="PASS">
          <params>
            <param index="0">
              <value>
                <![CDATA[{name=Planit rajput, country=Australia, gender=Male}]]>
              </value>
            </param>
          </params>
          <reporter-output>
          </reporter-output>
        </test-method> <!-- form -->
        <test-method signature="form(java.util.HashMap)[pri:0, instance:excelConfigTest.ExcelTest@8f2ef19]" started-at="2024-04-08T11:55:52 IST" name="form" data-provider="jsonProvider" finished-at="2024-04-08T11:55:52 IST" duration-ms="1" status="PASS">
          <params>
            <param index="0">
              <value>
                <![CDATA[{name=Allt , country=Argentina, gender=Female}]]>
              </value>
            </param>
          </params>
          <reporter-output>
          </reporter-output>
        </test-method> <!-- form -->
        <test-method signature="form(java.util.HashMap)[pri:0, instance:excelConfigTest.ExcelTest@8f2ef19]" started-at="2024-04-08T11:55:52 IST" name="form" data-provider="jsonProvider" finished-at="2024-04-08T11:55:52 IST" duration-ms="4" status="PASS">
          <params>
            <param index="0">
              <value>
                <![CDATA[{name=Test, country=Australia, gender=Male}]]>
              </value>
            </param>
          </params>
          <reporter-output>
          </reporter-output>
        </test-method> <!-- form -->
        <test-method signature="form(java.util.HashMap)[pri:0, instance:excelConfigTest.ExcelTest@8f2ef19]" started-at="2024-04-08T11:55:52 IST" name="form" data-provider="jsonProvider" finished-at="2024-04-08T11:55:52 IST" duration-ms="0" status="PASS">
          <params>
            <param index="0">
              <value>
                <![CDATA[{name=Amazing , country=Argentina, gender=Female}]]>
              </value>
            </param>
          </params>
          <reporter-output>
          </reporter-output>
        </test-method> <!-- form -->
        <test-method signature="tc_01()[pri:0, instance:excelConfigTest.ExcelTest@8f2ef19]" started-at="2024-04-08T11:55:52 IST" name="tc_01" finished-at="2024-04-08T11:55:52 IST" duration-ms="1" status="PASS">
          <reporter-output>
          </reporter-output>
        </test-method> <!-- tc_01 -->
        <test-method signature="tc_02()[pri:0, instance:excelConfigTest.ExcelTest@8f2ef19]" started-at="2024-04-08T11:55:52 IST" name="tc_02" finished-at="2024-04-08T11:55:52 IST" duration-ms="0" status="PASS">
          <reporter-output>
          </reporter-output>
        </test-method> <!-- tc_02 -->
        <test-method signature="tc_03()[pri:0, instance:excelConfigTest.ExcelTest@8f2ef19]" started-at="2024-04-08T11:55:52 IST" name="tc_03" finished-at="2024-04-08T11:55:52 IST" duration-ms="0" status="PASS">
          <reporter-output>
          </reporter-output>
        </test-method> <!-- tc_03 -->
        <test-method signature="tc_04()[pri:0, instance:excelConfigTest.ExcelTest@8f2ef19]" started-at="2024-04-08T11:55:52 IST" name="tc_04" finished-at="2024-04-08T11:55:52 IST" duration-ms="0" status="PASS">
          <reporter-output>
          </reporter-output>
        </test-method> <!-- tc_04 -->
        <test-method signature="testData()[pri:0, instance:excelConfigTest.ExcelTest@8f2ef19]" started-at="2024-04-08T11:55:52 IST" name="testData" finished-at="2024-04-08T11:55:53 IST" duration-ms="1028" status="PASS">
          <reporter-output>
          </reporter-output>
        </test-method> <!-- testData -->
      </class> <!-- excelConfigTest.ExcelTest -->
    </test> <!-- Default test -->
  </suite> <!-- Default suite -->
</testng-results>
